<?xml version="1.0" encoding="UTF-8"?>
<!-- Generated by org.testng.reporters.JUnitReportReporter -->
<testsuite hostname="AnnapurnaNilesh" failures="0" tests="1" name="mystore.testscripts.completeScenario" time="33.353" errors="0" timestamp="2022-11-03T19:52:08 GMT" skipped="0">
  <testcase classname="mystore.testscripts.completeScenario" name="addDress" time="33.353"/>
  <system-out/>
</testsuite> <!-- mystore.testscripts.completeScenario -->
